e:\dx12\dxe\dxe\dxe\x64\debug\vc142.pdb
e:\dx12\dxe\dxe\dxe\x64\debug\vc142.idb
e:\dx12\dxe\dxe\dxe\x64\debug\utils.obj
e:\dx12\dxe\dxe\dxe\x64\debug\main.obj
e:\dx12\dxe\dxe\dxe\x64\debug\geometry.obj
e:\dx12\dxe\dxe\dxe\x64\debug\frameresource.obj
e:\dx12\dxe\dxe\dxe\x64\debug\core.obj
e:\dx12\dxe\dxe\dxe\x64\debug\mathutils.obj
e:\dx12\dxe\dxe\dxe\x64\debug\app.obj
e:\dx12\dxe\dxe\dxe\x64\debug\texture.obj
e:\dx12\dxe\dxe\dxe\x64\debug\scene.obj
e:\dx12\dxe\dxe\dxe\x64\debug\material.obj
e:\dx12\dxe\dxe\x64\debug\vert.cso
e:\dx12\dxe\dxe\x64\debug\pix.cso
e:\dx12\dxe\dxe\x64\debug\dxe.exe
e:\dx12\dxe\dxe\x64\debug\dxe.ilk
e:\dx12\dxe\dxe\x64\debug\dxe.pdb
e:\dx12\dxe\dxe\dxe\x64\debug\dxe.tlog\cl.command.1.tlog
e:\dx12\dxe\dxe\dxe\x64\debug\dxe.tlog\cl.read.1.tlog
e:\dx12\dxe\dxe\dxe\x64\debug\dxe.tlog\cl.write.1.tlog
e:\dx12\dxe\dxe\dxe\x64\debug\dxe.tlog\fxc.command.1.tlog
e:\dx12\dxe\dxe\dxe\x64\debug\dxe.tlog\fxc.read.1.tlog
e:\dx12\dxe\dxe\dxe\x64\debug\dxe.tlog\fxc.write.1.tlog
e:\dx12\dxe\dxe\dxe\x64\debug\dxe.tlog\link.command.1.tlog
e:\dx12\dxe\dxe\dxe\x64\debug\dxe.tlog\link.read.1.tlog
e:\dx12\dxe\dxe\dxe\x64\debug\dxe.tlog\link.write.1.tlog
