  App.cpp
E:\DX12\DXE\DXE\DXE\App.cpp(24,129): warning C4267: '=': conversion from 'size_t' to 'UINT', possible loss of data
E:\DX12\DXE\DXE\DXE\App.cpp(36,119): warning C4244: 'argument': conversion from 'INT64' to 'UINT', possible loss of data
E:\DX12\DXE\DXE\DXE\App.cpp(314,194): warning C4244: 'argument': conversion from 'double' to 'float', possible loss of data
E:\DX12\DXE\DXE\DXE\App.cpp(314,170): warning C4244: 'argument': conversion from 'double' to 'float', possible loss of data
E:\DX12\DXE\DXE\DXE\App.cpp(356,26): warning C4305: 'initializing': truncation from 'double' to 'float'
E:\DX12\DXE\DXE\DXE\App.cpp(359,162): warning C4244: 'argument': conversion from 'double' to 'float', possible loss of data
E:\DX12\DXE\DXE\DXE\App.cpp(1127,85): warning C4244: 'argument': conversion from 'double' to 'UINT', possible loss of data
E:\DX12\DXE\DXE\DXE\App.cpp(1127,77): warning C4244: 'argument': conversion from 'double' to 'UINT', possible loss of data
E:\DX12\DXE\DXE\DXE\App.cpp(1127,48): warning C4244: 'argument': conversion from 'double' to 'UINT', possible loss of data
E:\DX12\DXE\DXE\DXE\App.cpp(1152,23): warning C4018: '<': signed/unsigned mismatch
E:\DX12\DXE\DXE\DXE\App.cpp(1160,29): warning C4018: '>=': signed/unsigned mismatch
  Material.cpp
  Model.cpp
E:\DX12\DXE\DXE\DXE\Assets\Model.cpp(163,43): warning C4267: 'initializing': conversion from 'size_t' to 'UINT', possible loss of data
E:\DX12\DXE\DXE\DXE\Assets\Model.cpp(164,41): warning C4267: 'initializing': conversion from 'size_t' to 'UINT', possible loss of data
E:\DX12\DXE\DXE\DXE\Assets\Model.cpp(282,63): warning C4244: 'argument': conversion from 'double' to 'uint32_t', possible loss of data
E:\DX12\DXE\DXE\DXE\Assets\Model.cpp(321,66): warning C4244: 'argument': conversion from 'double' to 'uint32_t', possible loss of data
E:\DX12\DXE\DXE\DXE\Assets\Model.cpp(321,61): warning C4244: 'argument': conversion from 'float' to 'uint32_t', possible loss of data
E:\DX12\DXE\DXE\DXE\Assets\Model.cpp(360,73): warning C4244: 'argument': conversion from 'double' to 'uint32_t', possible loss of data
E:\DX12\DXE\DXE\DXE\Assets\Model.cpp(360,68): warning C4244: 'argument': conversion from 'double' to 'uint32_t', possible loss of data
  Scene.cpp
E:\DX12\DXE\DXE\DXE\Assets\Scene.cpp(220,31): warning C4244: '=': conversion from 'INT64' to 'UINT', possible loss of data
E:\DX12\DXE\DXE\DXE\Assets\Scene.cpp(229,52): warning C4244: '=': conversion from 'INT64' to 'UINT', possible loss of data
E:\DX12\DXE\DXE\DXE\Assets\Scene.cpp(243,31): warning C4244: '=': conversion from 'INT64' to 'UINT', possible loss of data
E:\DX12\DXE\DXE\DXE\Assets\Scene.cpp(252,52): warning C4244: '=': conversion from 'INT64' to 'UINT', possible loss of data
  MeshVoxelizer.cpp
E:\DX12\DXE\DXE\DXE\Features\MeshVoxelizer.cpp(48,20): warning C4018: '<': signed/unsigned mismatch
E:\DX12\DXE\DXE\DXE\Features\MeshVoxelizer.cpp(88,20): warning C4018: '<': signed/unsigned mismatch
E:\DX12\DXE\DXE\DXE\Features\MeshVoxelizer.cpp(351,43): warning C4244: 'argument': conversion from 'double' to 'UINT', possible loss of data
E:\DX12\DXE\DXE\DXE\Features\MeshVoxelizer.cpp(351,33): warning C4244: 'argument': conversion from 'double' to 'UINT', possible loss of data
E:\DX12\DXE\DXE\DXE\Features\MeshVoxelizer.cpp(351,23): warning C4244: 'argument': conversion from 'double' to 'UINT', possible loss of data
E:\DX12\DXE\DXE\DXE\Features\MeshVoxelizer.cpp(357,59): warning C4267: 'argument': conversion from 'size_t' to 'UINT', possible loss of data
  ShadowMap.cpp
  FrameResource.cpp
  main.cpp
  Generating Code...
  DXE.vcxproj -> E:\DX12\DXE\DXE\x64\Debug\DXE.exe
