  App.cpp
E:\DX12\DXE\DXE\DXE\App.cpp(24,129): warning C4267: '=': conversion from 'size_t' to 'UINT', possible loss of data
E:\DX12\DXE\DXE\DXE\App.cpp(36,119): warning C4244: 'argument': conversion from 'INT64' to 'UINT', possible loss of data
E:\DX12\DXE\DXE\DXE\App.cpp(269,25): warning C4305: 'initializing': truncation from 'double' to 'float'
E:\DX12\DXE\DXE\DXE\App.cpp(272,163): warning C4244: 'argument': conversion from 'double' to 'float', possible loss of data
E:\DX12\DXE\DXE\DXE\App.cpp(1001,85): warning C4244: 'argument': conversion from 'double' to 'UINT', possible loss of data
E:\DX12\DXE\DXE\DXE\App.cpp(1001,77): warning C4244: 'argument': conversion from 'double' to 'UINT', possible loss of data
E:\DX12\DXE\DXE\DXE\App.cpp(1001,48): warning C4244: 'argument': conversion from 'double' to 'UINT', possible loss of data
E:\DX12\DXE\DXE\DXE\App.cpp(1026,23): warning C4018: '<': signed/unsigned mismatch
E:\DX12\DXE\DXE\DXE\App.cpp(1034,29): warning C4018: '>=': signed/unsigned mismatch
  Scene.cpp
E:\DX12\DXE\DXE\DXE\Assets\Scene.cpp(204,31): warning C4244: '=': conversion from 'INT64' to 'UINT', possible loss of data
E:\DX12\DXE\DXE\DXE\Assets\Scene.cpp(213,52): warning C4244: '=': conversion from 'INT64' to 'UINT', possible loss of data
E:\DX12\DXE\DXE\DXE\Assets\Scene.cpp(227,31): warning C4244: '=': conversion from 'INT64' to 'UINT', possible loss of data
E:\DX12\DXE\DXE\DXE\Assets\Scene.cpp(236,52): warning C4244: '=': conversion from 'INT64' to 'UINT', possible loss of data
  Generating code
  2 of 3507 functions (<0.1%) were compiled, the rest were copied from previous compilation.
    0 functions were new in current compilation
    6 functions had inline decision re-evaluated but remain unchanged
  Finished generating code
  DXE.vcxproj -> E:\DX12\DXE\DXE\x64\Release\DXE.exe
