e:\dx12\dxe\dxe\dxe\x64\release\vc142.pdb
e:\dx12\dxe\dxe\dxe\x64\release\utils.obj
e:\dx12\dxe\dxe\dxe\x64\release\shaderprogram.obj
e:\dx12\dxe\dxe\dxe\x64\release\rootsignature.obj
e:\dx12\dxe\dxe\dxe\x64\release\mathutils.obj
e:\dx12\dxe\dxe\dxe\x64\release\commandobject.obj
e:\dx12\dxe\dxe\dxe\x64\release\main.obj
e:\dx12\dxe\dxe\dxe\x64\release\frameresource.obj
e:\dx12\dxe\dxe\dxe\x64\release\shadowmap.obj
e:\dx12\dxe\dxe\dxe\x64\release\meshvoxelizer.obj
e:\dx12\dxe\dxe\dxe\x64\release\deferredrenderer.obj
e:\dx12\dxe\dxe\dxe\x64\release\core.obj
e:\dx12\dxe\dxe\dxe\x64\release\texture.obj
e:\dx12\dxe\dxe\dxe\x64\release\scene.obj
e:\dx12\dxe\dxe\dxe\x64\release\model.obj
e:\dx12\dxe\dxe\dxe\x64\release\material.obj
e:\dx12\dxe\dxe\dxe\x64\release\geometry.obj
e:\dx12\dxe\dxe\dxe\x64\release\camera.obj
e:\dx12\dxe\dxe\dxe\x64\release\app.obj
e:\dx12\dxe\dxe\x64\release\dxe.ipdb
e:\dx12\dxe\dxe\x64\release\dxe.iobj
e:\dx12\dxe\dxe\x64\release\dxe.exe
e:\dx12\dxe\dxe\x64\release\dxe.pdb
e:\dx12\dxe\dxe\dxe\x64\release\dxe.tlog\cl.command.1.tlog
e:\dx12\dxe\dxe\dxe\x64\release\dxe.tlog\cl.read.1.tlog
e:\dx12\dxe\dxe\dxe\x64\release\dxe.tlog\cl.write.1.tlog
e:\dx12\dxe\dxe\dxe\x64\release\dxe.tlog\dxe.write.1u.tlog
e:\dx12\dxe\dxe\dxe\x64\release\dxe.tlog\link.command.1.tlog
e:\dx12\dxe\dxe\dxe\x64\release\dxe.tlog\link.read.1.tlog
e:\dx12\dxe\dxe\dxe\x64\release\dxe.tlog\link.write.1.tlog
